{"contracts/GenBukowski.sol":{"l":{"22":0,"26":0,"27":0,"31":6,"32":5,"33":6,"34":6,"35":1,"37":5,"38":5,"43":2,"47":37,"51":4,"52":2,"53":2,"54":2,"58":18,"59":17,"60":17,"62":16,"63":16,"64":1,"67":16,"69":16},"path":"/workspace/LZGenBukowski/contracts/GenBukowski.sol","s":{"1":0,"2":0,"3":0,"4":6,"5":5,"6":6,"7":6,"8":5,"9":2,"10":37,"11":4,"12":2,"13":2,"14":18,"15":17,"16":17,"17":16,"18":1,"19":16},"b":{"1":[5,1],"2":[1,5],"3":[2,2],"4":[17,1],"5":[16,1],"6":[1,15]},"f":{"1":108,"2":0,"3":0,"4":6,"5":2,"6":37,"7":4,"8":18},"fnMap":{"1":{"name":"constructor","line":17,"loc":{"start":{"line":17,"column":4},"end":{"line":19,"column":4}}},"2":{"name":"_baseURI","line":21,"loc":{"start":{"line":21,"column":4},"end":{"line":23,"column":4}}},"3":{"name":"withdraw","line":25,"loc":{"start":{"line":25,"column":4},"end":{"line":28,"column":4}}},"4":{"name":"editWhiteList","line":30,"loc":{"start":{"line":30,"column":4},"end":{"line":40,"column":4}}},"5":{"name":"isWhitelisted","line":42,"loc":{"start":{"line":42,"column":4},"end":{"line":44,"column":4}}},"6":{"name":"flipSaleIsActive","line":46,"loc":{"start":{"line":46,"column":4},"end":{"line":48,"column":4}}},"7":{"name":"reserveMintGenBukowski","line":50,"loc":{"start":{"line":50,"column":4},"end":{"line":55,"column":4}}},"8":{"name":"mintGenBukowski","line":57,"loc":{"start":{"line":57,"column":4},"end":{"line":70,"column":4}}}},"statementMap":{"1":{"start":{"line":22,"column":8},"end":{"line":22,"column":71}},"2":{"start":{"line":26,"column":8},"end":{"line":26,"column":44}},"3":{"start":{"line":27,"column":8},"end":{"line":27,"column":44}},"4":{"start":{"line":31,"column":8},"end":{"line":31,"column":86}},"5":{"start":{"line":32,"column":8},"end":{"line":32,"column":969}},"6":{"start":{"line":33,"column":12},"end":{"line":33,"column":45}},"7":{"start":{"line":34,"column":12},"end":{"line":34,"column":1073}},"8":{"start":{"line":37,"column":12},"end":{"line":37,"column":37}},"9":{"start":{"line":43,"column":8},"end":{"line":43,"column":31}},"10":{"start":{"line":47,"column":8},"end":{"line":47,"column":35}},"11":{"start":{"line":51,"column":8},"end":{"line":51,"column":63}},"12":{"start":{"line":53,"column":8},"end":{"line":53,"column":36}},"13":{"start":{"line":54,"column":8},"end":{"line":54,"column":43}},"14":{"start":{"line":58,"column":8},"end":{"line":58,"column":119}},"15":{"start":{"line":59,"column":8},"end":{"line":59,"column":49}},"16":{"start":{"line":60,"column":8},"end":{"line":60,"column":77}},"17":{"start":{"line":63,"column":8},"end":{"line":63,"column":2046}},"18":{"start":{"line":64,"column":12},"end":{"line":64,"column":31}},"19":{"start":{"line":69,"column":8},"end":{"line":69,"column":43}}},"branchMap":{"1":{"line":31,"type":"if","locations":[{"start":{"line":31,"column":8},"end":{"line":31,"column":8}},{"start":{"line":31,"column":8},"end":{"line":31,"column":8}}]},"2":{"line":34,"type":"if","locations":[{"start":{"line":34,"column":12},"end":{"line":34,"column":12}},{"start":{"line":34,"column":12},"end":{"line":34,"column":12}}]},"3":{"line":51,"type":"if","locations":[{"start":{"line":51,"column":8},"end":{"line":51,"column":8}},{"start":{"line":51,"column":8},"end":{"line":51,"column":8}}]},"4":{"line":58,"type":"if","locations":[{"start":{"line":58,"column":8},"end":{"line":58,"column":8}},{"start":{"line":58,"column":8},"end":{"line":58,"column":8}}]},"5":{"line":60,"type":"if","locations":[{"start":{"line":60,"column":8},"end":{"line":60,"column":8}},{"start":{"line":60,"column":8},"end":{"line":60,"column":8}}]},"6":{"line":63,"type":"if","locations":[{"start":{"line":63,"column":8},"end":{"line":63,"column":8}},{"start":{"line":63,"column":8},"end":{"line":63,"column":8}}]}}},"contracts/interfaces/ILayerZeroEndpoint.sol":{"l":{},"path":"/workspace/LZGenBukowski/contracts/interfaces/ILayerZeroEndpoint.sol","s":{},"b":{},"f":{},"fnMap":{},"statementMap":{},"branchMap":{}},"contracts/interfaces/ILayerZeroReceiver.sol":{"l":{},"path":"/workspace/LZGenBukowski/contracts/interfaces/ILayerZeroReceiver.sol","s":{},"b":{},"f":{},"fnMap":{},"statementMap":{},"branchMap":{}},"contracts/interfaces/ILayerZeroUserApplicationConfig.sol":{"l":{},"path":"/workspace/LZGenBukowski/contracts/interfaces/ILayerZeroUserApplicationConfig.sol","s":{},"b":{},"f":{},"fnMap":{},"statementMap":{},"branchMap":{}},"contracts/interfaces/IStargateFactory.sol":{"l":{},"path":"/workspace/LZGenBukowski/contracts/interfaces/IStargateFactory.sol","s":{},"b":{},"f":{},"fnMap":{},"statementMap":{},"branchMap":{}},"contracts/interfaces/IStargatePool.sol":{"l":{},"path":"/workspace/LZGenBukowski/contracts/interfaces/IStargatePool.sol","s":{},"b":{},"f":{},"fnMap":{},"statementMap":{},"branchMap":{}},"contracts/interfaces/IStargateReceiver.sol":{"l":{},"path":"/workspace/LZGenBukowski/contracts/interfaces/IStargateReceiver.sol","s":{},"b":{},"f":{},"fnMap":{},"statementMap":{},"branchMap":{}},"contracts/interfaces/IStargateRouter.sol":{"l":{},"path":"/workspace/LZGenBukowski/contracts/interfaces/IStargateRouter.sol","s":{},"b":{},"f":{},"fnMap":{},"statementMap":{},"branchMap":{}},"contracts/interfaces/IStargateRouterETH.sol":{"l":{},"path":"/workspace/LZGenBukowski/contracts/interfaces/IStargateRouterETH.sol","s":{},"b":{},"f":{},"fnMap":{},"statementMap":{},"branchMap":{}},"contracts/interfaces/IStargateWidget.sol":{"l":{},"path":"/workspace/LZGenBukowski/contracts/interfaces/IStargateWidget.sol","s":{},"b":{},"f":{},"fnMap":{},"statementMap":{},"branchMap":{}},"contracts/libraries/LzLib.sol":{"l":{"22":0,"23":0,"25":0,"34":108,"38":0,"39":0,"44":0,"48":0,"49":0,"56":21,"57":21,"61":21,"62":21,"64":21,"65":0,"75":0,"79":0},"path":"/workspace/LZGenBukowski/contracts/libraries/LzLib.sol","s":{"1":0,"2":0,"3":0,"4":108,"5":0,"6":0,"7":0,"8":0,"9":21,"10":21,"11":21,"12":21,"13":0,"14":0},"b":{"1":[0,0],"2":[0,0],"3":[0,0],"4":[0,0],"5":[21,0],"6":[21,0],"7":[21,0],"8":[0,21]},"f":{"1":0,"2":108,"3":0,"4":0,"5":21,"6":0,"7":0},"fnMap":{"1":{"name":"buildAdapterParams","line":21,"loc":{"start":{"line":21,"column":4},"end":{"line":27,"column":4}}},"2":{"name":"buildDefaultAdapterParams","line":30,"loc":{"start":{"line":30,"column":4},"end":{"line":35,"column":4}}},"3":{"name":"buildAirdropAdapterParams","line":37,"loc":{"start":{"line":37,"column":4},"end":{"line":45,"column":4}}},"4":{"name":"getGasLimit","line":47,"loc":{"start":{"line":47,"column":4},"end":{"line":52,"column":4}}},"5":{"name":"decodeAdapterParams","line":55,"loc":{"start":{"line":55,"column":4},"end":{"line":70,"column":4}}},"6":{"name":"bytes32ToAddress","line":74,"loc":{"start":{"line":74,"column":4},"end":{"line":76,"column":4}}},"7":{"name":"addressToBytes32","line":78,"loc":{"start":{"line":78,"column":4},"end":{"line":80,"column":4}}}},"statementMap":{"1":{"start":{"line":22,"column":8},"end":{"line":22,"column":619}},"2":{"start":{"line":23,"column":12},"end":{"line":23,"column":65}},"3":{"start":{"line":25,"column":12},"end":{"line":25,"column":81}},"4":{"start":{"line":34,"column":8},"end":{"line":34,"column":50}},"5":{"start":{"line":38,"column":8},"end":{"line":38,"column":82}},"6":{"start":{"line":39,"column":8},"end":{"line":39,"column":85}},"7":{"start":{"line":44,"column":8},"end":{"line":44,"column":97}},"8":{"start":{"line":48,"column":8},"end":{"line":48,"column":98}},"9":{"start":{"line":56,"column":8},"end":{"line":56,"column":98}},"10":{"start":{"line":61,"column":8},"end":{"line":61,"column":64}},"11":{"start":{"line":62,"column":8},"end":{"line":62,"column":40}},"12":{"start":{"line":64,"column":8},"end":{"line":64,"column":2560}},"13":{"start":{"line":75,"column":8},"end":{"line":75,"column":54}},"14":{"start":{"line":79,"column":8},"end":{"line":79,"column":47}}},"branchMap":{"1":{"line":22,"type":"if","locations":[{"start":{"line":22,"column":8},"end":{"line":22,"column":8}},{"start":{"line":22,"column":8},"end":{"line":22,"column":8}}]},"2":{"line":38,"type":"if","locations":[{"start":{"line":38,"column":8},"end":{"line":38,"column":8}},{"start":{"line":38,"column":8},"end":{"line":38,"column":8}}]},"3":{"line":39,"type":"if","locations":[{"start":{"line":39,"column":8},"end":{"line":39,"column":8}},{"start":{"line":39,"column":8},"end":{"line":39,"column":8}}]},"4":{"line":48,"type":"if","locations":[{"start":{"line":48,"column":8},"end":{"line":48,"column":8}},{"start":{"line":48,"column":8},"end":{"line":48,"column":8}}]},"5":{"line":56,"type":"if","locations":[{"start":{"line":56,"column":8},"end":{"line":56,"column":8}},{"start":{"line":56,"column":8},"end":{"line":56,"column":8}}]},"6":{"line":61,"type":"if","locations":[{"start":{"line":61,"column":8},"end":{"line":61,"column":8}},{"start":{"line":61,"column":8},"end":{"line":61,"column":8}}]},"7":{"line":62,"type":"if","locations":[{"start":{"line":62,"column":8},"end":{"line":62,"column":8}},{"start":{"line":62,"column":8},"end":{"line":62,"column":8}}]},"8":{"line":64,"type":"if","locations":[{"start":{"line":64,"column":8},"end":{"line":64,"column":8}},{"start":{"line":64,"column":8},"end":{"line":64,"column":8}}]}}},"contracts/lzApp/LzApp.sol":{"l":{"28":108,"33":7,"35":7,"37":7,"39":7,"46":7,"47":7,"48":7,"52":0,"53":0,"54":0,"55":0,"59":0,"60":0,"67":0,"72":0,"76":0,"80":0,"84":0,"90":36,"91":36,"95":0,"96":0,"100":0,"101":0,"102":0,"106":0,"107":0,"111":0,"112":0,"113":0,"118":0,"119":0},"path":"/workspace/LZGenBukowski/contracts/lzApp/LzApp.sol","s":{"1":108,"2":7,"3":7,"4":7,"5":7,"6":7,"7":7,"8":7,"9":0,"10":0,"11":0,"12":0,"13":0,"14":0,"15":0,"16":0,"17":0,"18":0,"19":36,"20":36,"21":0,"22":0,"23":0,"24":0,"25":0,"26":0,"27":0,"28":0,"29":0,"30":0,"31":0,"32":0},"b":{"1":[7,0],"2":[7,0],"3":[7,0],"4":[0,0],"5":[0,0],"6":[0,0],"7":[0,0],"8":[0,0]},"f":{"1":108,"2":7,"3":7,"4":0,"5":0,"6":0,"7":0,"8":0,"9":0,"10":0,"11":36,"12":0,"13":0,"14":0,"15":0,"16":0},"fnMap":{"1":{"name":"constructor","line":27,"loc":{"start":{"line":27,"column":4},"end":{"line":29,"column":4}}},"2":{"name":"lzReceive","line":31,"loc":{"start":{"line":31,"column":4},"end":{"line":40,"column":4}}},"3":{"name":"_lzSend","line":45,"loc":{"start":{"line":45,"column":4},"end":{"line":49,"column":4}}},"4":{"name":"_checkGasLimit","line":51,"loc":{"start":{"line":51,"column":4},"end":{"line":56,"column":4}}},"5":{"name":"_getGasLimit","line":58,"loc":{"start":{"line":58,"column":4},"end":{"line":63,"column":4}}},"6":{"name":"getConfig","line":66,"loc":{"start":{"line":66,"column":4},"end":{"line":68,"column":4}}},"7":{"name":"setConfig","line":71,"loc":{"start":{"line":71,"column":4},"end":{"line":73,"column":4}}},"8":{"name":"setSendVersion","line":75,"loc":{"start":{"line":75,"column":4},"end":{"line":77,"column":4}}},"9":{"name":"setReceiveVersion","line":79,"loc":{"start":{"line":79,"column":4},"end":{"line":81,"column":4}}},"10":{"name":"forceResumeReceive","line":83,"loc":{"start":{"line":83,"column":4},"end":{"line":85,"column":4}}},"11":{"name":"setTrustedRemote","line":89,"loc":{"start":{"line":89,"column":4},"end":{"line":92,"column":4}}},"12":{"name":"setTrustedRemoteAddress","line":94,"loc":{"start":{"line":94,"column":4},"end":{"line":97,"column":4}}},"13":{"name":"getTrustedRemoteAddress","line":99,"loc":{"start":{"line":99,"column":4},"end":{"line":103,"column":4}}},"14":{"name":"setPrecrime","line":105,"loc":{"start":{"line":105,"column":4},"end":{"line":108,"column":4}}},"15":{"name":"setMinDstGas","line":110,"loc":{"start":{"line":110,"column":4},"end":{"line":114,"column":4}}},"16":{"name":"isTrustedRemote","line":117,"loc":{"start":{"line":117,"column":4},"end":{"line":120,"column":4}}}},"statementMap":{"1":{"start":{"line":28,"column":8},"end":{"line":28,"column":49}},"2":{"start":{"line":33,"column":8},"end":{"line":33,"column":85}},"3":{"start":{"line":35,"column":8},"end":{"line":35,"column":69}},"4":{"start":{"line":37,"column":8},"end":{"line":37,"column":182}},"5":{"start":{"line":39,"column":8},"end":{"line":39,"column":69}},"6":{"start":{"line":46,"column":8},"end":{"line":46,"column":69}},"7":{"start":{"line":47,"column":8},"end":{"line":47,"column":93}},"8":{"start":{"line":48,"column":8},"end":{"line":48,"column":131}},"9":{"start":{"line":52,"column":8},"end":{"line":52,"column":60}},"10":{"start":{"line":53,"column":8},"end":{"line":53,"column":74}},"11":{"start":{"line":54,"column":8},"end":{"line":54,"column":61}},"12":{"start":{"line":55,"column":8},"end":{"line":55,"column":78}},"13":{"start":{"line":59,"column":8},"end":{"line":59,"column":75}},"14":{"start":{"line":67,"column":8},"end":{"line":67,"column":83}},"15":{"start":{"line":72,"column":8},"end":{"line":72,"column":69}},"16":{"start":{"line":76,"column":8},"end":{"line":76,"column":42}},"17":{"start":{"line":80,"column":8},"end":{"line":80,"column":45}},"18":{"start":{"line":84,"column":8},"end":{"line":84,"column":62}},"19":{"start":{"line":90,"column":8},"end":{"line":90,"column":47}},"20":{"start":{"line":91,"column":8},"end":{"line":91,"column":49}},"21":{"start":{"line":95,"column":8},"end":{"line":95,"column":92}},"22":{"start":{"line":96,"column":8},"end":{"line":96,"column":68}},"23":{"start":{"line":100,"column":8},"end":{"line":100,"column":63}},"24":{"start":{"line":101,"column":8},"end":{"line":101,"column":65}},"25":{"start":{"line":102,"column":8},"end":{"line":102,"column":46}},"26":{"start":{"line":106,"column":8},"end":{"line":106,"column":27}},"27":{"start":{"line":107,"column":8},"end":{"line":107,"column":35}},"28":{"start":{"line":111,"column":8},"end":{"line":111,"column":52}},"29":{"start":{"line":112,"column":8},"end":{"line":112,"column":58}},"30":{"start":{"line":113,"column":8},"end":{"line":113,"column":60}},"31":{"start":{"line":118,"column":8},"end":{"line":118,"column":69}},"32":{"start":{"line":119,"column":8},"end":{"line":119,"column":65}}},"branchMap":{"1":{"line":33,"type":"if","locations":[{"start":{"line":33,"column":8},"end":{"line":33,"column":8}},{"start":{"line":33,"column":8},"end":{"line":33,"column":8}}]},"2":{"line":37,"type":"if","locations":[{"start":{"line":37,"column":8},"end":{"line":37,"column":8}},{"start":{"line":37,"column":8},"end":{"line":37,"column":8}}]},"3":{"line":47,"type":"if","locations":[{"start":{"line":47,"column":8},"end":{"line":47,"column":8}},{"start":{"line":47,"column":8},"end":{"line":47,"column":8}}]},"4":{"line":54,"type":"if","locations":[{"start":{"line":54,"column":8},"end":{"line":54,"column":8}},{"start":{"line":54,"column":8},"end":{"line":54,"column":8}}]},"5":{"line":55,"type":"if","locations":[{"start":{"line":55,"column":8},"end":{"line":55,"column":8}},{"start":{"line":55,"column":8},"end":{"line":55,"column":8}}]},"6":{"line":59,"type":"if","locations":[{"start":{"line":59,"column":8},"end":{"line":59,"column":8}},{"start":{"line":59,"column":8},"end":{"line":59,"column":8}}]},"7":{"line":101,"type":"if","locations":[{"start":{"line":101,"column":8},"end":{"line":101,"column":8}},{"start":{"line":101,"column":8},"end":{"line":101,"column":8}}]},"8":{"line":111,"type":"if","locations":[{"start":{"line":111,"column":8},"end":{"line":111,"column":8}},{"start":{"line":111,"column":8},"end":{"line":111,"column":8}}]}}},"contracts/lzApp/NonblockingLzApp.sol":{"l":{"25":7,"27":7,"28":0,"33":0,"34":0,"39":7,"40":7,"48":0,"49":0,"50":0,"52":0,"54":0,"55":0},"path":"/workspace/LZGenBukowski/contracts/lzApp/NonblockingLzApp.sol","s":{"1":7,"2":7,"3":0,"4":0,"5":0,"6":7,"7":7,"8":0,"9":0,"10":0,"11":0,"12":0,"13":0},"b":{"1":[0,7],"2":[7,0],"3":[0,0],"4":[0,0]},"f":{"1":108,"2":7,"3":0,"4":7,"5":0},"fnMap":{"1":{"name":"constructor","line":16,"loc":{"start":{"line":16,"column":4},"end":{"line":16,"column":53}}},"2":{"name":"_blockingLzReceive","line":24,"loc":{"start":{"line":24,"column":4},"end":{"line":30,"column":4}}},"3":{"name":"_storeFailedMessage","line":32,"loc":{"start":{"line":32,"column":4},"end":{"line":35,"column":4}}},"4":{"name":"nonblockingLzReceive","line":37,"loc":{"start":{"line":37,"column":4},"end":{"line":41,"column":4}}},"5":{"name":"retryMessage","line":46,"loc":{"start":{"line":46,"column":4},"end":{"line":56,"column":4}}}},"statementMap":{"1":{"start":{"line":25,"column":8},"end":{"line":25,"column":199}},"2":{"start":{"line":27,"column":8},"end":{"line":27,"column":1381}},"3":{"start":{"line":28,"column":12},"end":{"line":28,"column":82}},"4":{"start":{"line":33,"column":8},"end":{"line":33,"column":77}},"5":{"start":{"line":34,"column":8},"end":{"line":34,"column":79}},"6":{"start":{"line":39,"column":8},"end":{"line":39,"column":87}},"7":{"start":{"line":40,"column":8},"end":{"line":40,"column":72}},"8":{"start":{"line":48,"column":8},"end":{"line":48,"column":78}},"9":{"start":{"line":49,"column":8},"end":{"line":49,"column":80}},"10":{"start":{"line":50,"column":8},"end":{"line":50,"column":87}},"11":{"start":{"line":52,"column":8},"end":{"line":52,"column":68}},"12":{"start":{"line":54,"column":8},"end":{"line":54,"column":72}},"13":{"start":{"line":55,"column":8},"end":{"line":55,"column":79}}},"branchMap":{"1":{"line":27,"type":"if","locations":[{"start":{"line":27,"column":8},"end":{"line":27,"column":8}},{"start":{"line":27,"column":8},"end":{"line":27,"column":8}}]},"2":{"line":39,"type":"if","locations":[{"start":{"line":39,"column":8},"end":{"line":39,"column":8}},{"start":{"line":39,"column":8},"end":{"line":39,"column":8}}]},"3":{"line":49,"type":"if","locations":[{"start":{"line":49,"column":8},"end":{"line":49,"column":8}},{"start":{"line":49,"column":8},"end":{"line":49,"column":8}}]},"4":{"line":50,"type":"if","locations":[{"start":{"line":50,"column":8},"end":{"line":50,"column":8}},{"start":{"line":50,"column":8},"end":{"line":50,"column":8}}]}}},"contracts/mocks/LZEndpointMock.sol":{"l":{"78":7,"79":7,"80":7,"81":7,"85":7,"86":7,"87":7,"88":7,"97":108,"100":108,"107":108,"108":108,"109":108,"114":7,"116":7,"117":7,"121":7,"122":7,"125":7,"126":7,"127":7,"129":7,"132":7,"133":7,"134":0,"135":0,"140":7,"141":7,"142":0,"143":0,"144":0,"148":7,"149":7,"150":7,"154":7,"157":7,"160":7,"161":0,"162":0,"166":0,"168":0,"171":0,"172":0,"176":0,"178":0,"181":0,"182":0,"184":0,"186":7,"187":0,"188":0,"190":0,"196":0,"200":0,"204":14,"207":14,"210":14,"211":14,"214":14,"218":0,"222":0,"223":0,"224":0,"226":0,"228":0,"229":0,"230":0,"232":0,"234":0,"235":0,"239":0,"240":0,"244":0,"248":0,"252":0,"256":0,"265":0,"271":0,"277":0,"296":0,"298":0,"299":0,"302":0,"303":0,"304":0,"306":0,"309":0,"315":0,"320":0,"324":36,"328":0,"329":0,"330":0,"331":0,"332":0,"336":0,"337":0,"341":0,"345":0,"351":0,"354":0,"355":0,"356":0,"357":0,"362":14,"363":0,"365":14,"376":14,"377":14,"378":14,"379":0,"380":0,"383":14,"384":14,"388":14,"391":14,"393":14},"path":"/workspace/LZGenBukowski/contracts/mocks/LZEndpointMock.sol","s":{"1":7,"2":7,"3":7,"4":7,"5":7,"6":7,"7":108,"8":108,"9":108,"10":108,"11":108,"12":7,"13":7,"14":7,"15":7,"16":7,"17":7,"18":7,"19":7,"20":7,"21":7,"22":0,"23":0,"24":7,"25":7,"26":0,"27":0,"28":0,"29":7,"30":7,"31":7,"32":7,"33":7,"34":7,"35":0,"36":0,"37":0,"38":0,"39":0,"40":0,"41":0,"42":0,"43":7,"44":0,"45":0,"46":0,"47":7,"48":0,"49":0,"50":0,"51":0,"52":0,"53":14,"54":14,"55":14,"56":14,"57":14,"58":0,"59":0,"60":0,"61":0,"62":0,"63":0,"64":0,"65":0,"66":0,"67":0,"68":0,"69":0,"70":0,"71":0,"72":0,"73":0,"74":0,"75":0,"76":0,"77":0,"78":0,"79":0,"80":0,"81":0,"82":0,"83":0,"84":0,"85":0,"86":0,"87":0,"88":36,"89":0,"90":0,"91":0,"92":0,"93":0,"94":0,"95":0,"96":0,"97":0,"98":0,"99":0,"100":0,"101":0,"102":0,"103":14,"104":0,"105":14,"106":14,"107":14,"108":14,"109":0,"110":0,"111":14,"112":14,"113":14,"114":14,"115":14},"b":{"1":[7,0],"2":[7,0],"3":[7,0],"4":[7,0],"5":[7,0],"6":[0,7],"7":[0,0],"8":[0,7],"9":[0,0],"10":[7,0],"11":[0,7],"12":[0,0],"13":[0,7],"14":[0,0],"15":[0,0],"16":[0,0],"17":[0,0],"18":[0,14],"19":[0,14],"20":[0,0]},"f":{"1":7,"2":7,"3":108,"4":7,"5":7,"6":0,"7":0,"8":14,"9":0,"10":0,"11":0,"12":0,"13":0,"14":0,"15":0,"16":0,"17":0,"18":0,"19":0,"20":0,"21":0,"22":0,"23":0,"24":0,"25":36,"26":0,"27":0,"28":0,"29":0,"30":0,"31":14,"32":14},"fnMap":{"1":{"name":"sendNonReentrant","line":77,"loc":{"start":{"line":77,"column":4},"end":{"line":82,"column":4}}},"2":{"name":"receiveNonReentrant","line":84,"loc":{"start":{"line":84,"column":4},"end":{"line":89,"column":4}}},"3":{"name":"constructor","line":96,"loc":{"start":{"line":96,"column":4},"end":{"line":110,"column":4}}},"4":{"name":"send","line":113,"loc":{"start":{"line":113,"column":4},"end":{"line":151,"column":4}}},"5":{"name":"receivePayload","line":153,"loc":{"start":{"line":153,"column":4},"end":{"line":193,"column":4}}},"6":{"name":"getInboundNonce","line":195,"loc":{"start":{"line":195,"column":4},"end":{"line":197,"column":4}}},"7":{"name":"getOutboundNonce","line":199,"loc":{"start":{"line":199,"column":4},"end":{"line":201,"column":4}}},"8":{"name":"estimateFees","line":203,"loc":{"start":{"line":203,"column":4},"end":{"line":215,"column":4}}},"9":{"name":"getChainId","line":217,"loc":{"start":{"line":217,"column":4},"end":{"line":219,"column":4}}},"10":{"name":"retryPayload","line":221,"loc":{"start":{"line":221,"column":4},"end":{"line":236,"column":4}}},"11":{"name":"hasStoredPayload","line":238,"loc":{"start":{"line":238,"column":4},"end":{"line":241,"column":4}}},"12":{"name":"getSendLibraryAddress","line":243,"loc":{"start":{"line":243,"column":4},"end":{"line":245,"column":4}}},"13":{"name":"getReceiveLibraryAddress","line":247,"loc":{"start":{"line":247,"column":4},"end":{"line":249,"column":4}}},"14":{"name":"isSendingPayload","line":251,"loc":{"start":{"line":251,"column":4},"end":{"line":253,"column":4}}},"15":{"name":"isReceivingPayload","line":255,"loc":{"start":{"line":255,"column":4},"end":{"line":257,"column":4}}},"16":{"name":"getConfig","line":259,"loc":{"start":{"line":259,"column":4},"end":{"line":266,"column":4}}},"17":{"name":"getSendVersion","line":268,"loc":{"start":{"line":268,"column":4},"end":{"line":272,"column":4}}},"18":{"name":"getReceiveVersion","line":274,"loc":{"start":{"line":274,"column":4},"end":{"line":278,"column":4}}},"19":{"name":"setConfig","line":280,"loc":{"start":{"line":280,"column":4},"end":{"line":285,"column":25}}},"20":{"name":"setSendVersion","line":287,"loc":{"start":{"line":287,"column":4},"end":{"line":289,"column":25}}},"21":{"name":"setReceiveVersion","line":291,"loc":{"start":{"line":291,"column":4},"end":{"line":293,"column":25}}},"22":{"name":"forceResumeReceive","line":295,"loc":{"start":{"line":295,"column":4},"end":{"line":310,"column":4}}},"23":{"name":"getLengthOfQueue","line":314,"loc":{"start":{"line":314,"column":4},"end":{"line":316,"column":4}}},"24":{"name":"blockNextMsg","line":319,"loc":{"start":{"line":319,"column":4},"end":{"line":321,"column":4}}},"25":{"name":"setDestLzEndpoint","line":323,"loc":{"start":{"line":323,"column":4},"end":{"line":325,"column":4}}},"26":{"name":"setRelayerPrice","line":327,"loc":{"start":{"line":327,"column":4},"end":{"line":333,"column":4}}},"27":{"name":"setProtocolFee","line":335,"loc":{"start":{"line":335,"column":4},"end":{"line":338,"column":4}}},"28":{"name":"setOracleFee","line":340,"loc":{"start":{"line":340,"column":4},"end":{"line":342,"column":4}}},"29":{"name":"setDefaultAdapterParams","line":344,"loc":{"start":{"line":344,"column":4},"end":{"line":346,"column":4}}},"30":{"name":"_clearMsgQue","line":350,"loc":{"start":{"line":350,"column":4},"end":{"line":359,"column":4}}},"31":{"name":"_getProtocolFees","line":361,"loc":{"start":{"line":361,"column":4},"end":{"line":367,"column":4}}},"32":{"name":"_getRelayerFee","line":369,"loc":{"start":{"line":369,"column":4},"end":{"line":394,"column":4}}}},"statementMap":{"1":{"start":{"line":78,"column":8},"end":{"line":78,"column":88}},"2":{"start":{"line":79,"column":8},"end":{"line":79,"column":37}},"3":{"start":{"line":81,"column":8},"end":{"line":81,"column":41}},"4":{"start":{"line":85,"column":8},"end":{"line":85,"column":94}},"5":{"start":{"line":86,"column":8},"end":{"line":86,"column":40}},"6":{"start":{"line":88,"column":8},"end":{"line":88,"column":44}},"7":{"start":{"line":97,"column":8},"end":{"line":97,"column":29}},"8":{"start":{"line":100,"column":8},"end":{"line":100,"column":3484}},"9":{"start":{"line":107,"column":8},"end":{"line":107,"column":76}},"10":{"start":{"line":108,"column":8},"end":{"line":108,"column":23}},"11":{"start":{"line":109,"column":8},"end":{"line":109,"column":69}},"12":{"start":{"line":114,"column":8},"end":{"line":114,"column":82}},"13":{"start":{"line":116,"column":8},"end":{"line":116,"column":23}},"14":{"start":{"line":121,"column":8},"end":{"line":121,"column":54}},"15":{"start":{"line":122,"column":8},"end":{"line":122,"column":99}},"16":{"start":{"line":125,"column":8},"end":{"line":125,"column":102}},"17":{"start":{"line":126,"column":8},"end":{"line":126,"column":124}},"18":{"start":{"line":127,"column":8},"end":{"line":127,"column":83}},"19":{"start":{"line":129,"column":8},"end":{"line":129,"column":60}},"20":{"start":{"line":132,"column":8},"end":{"line":132,"column":43}},"21":{"start":{"line":133,"column":8},"end":{"line":133,"column":5109}},"22":{"start":{"line":134,"column":12},"end":{"line":134,"column":69}},"23":{"start":{"line":135,"column":12},"end":{"line":135,"column":62}},"24":{"start":{"line":140,"column":8},"end":{"line":140,"column":118}},"25":{"start":{"line":141,"column":8},"end":{"line":141,"column":5546}},"26":{"start":{"line":142,"column":12},"end":{"line":142,"column":74}},"27":{"start":{"line":143,"column":12},"end":{"line":143,"column":5662}},"28":{"start":{"line":144,"column":16},"end":{"line":144,"column":69}},"29":{"start":{"line":148,"column":8},"end":{"line":148,"column":73}},"30":{"start":{"line":149,"column":8},"end":{"line":149,"column":39}},"31":{"start":{"line":150,"column":8},"end":{"line":150,"column":110}},"32":{"start":{"line":154,"column":8},"end":{"line":154,"column":68}},"33":{"start":{"line":157,"column":8},"end":{"line":157,"column":90}},"34":{"start":{"line":160,"column":8},"end":{"line":160,"column":6583}},"35":{"start":{"line":161,"column":12},"end":{"line":161,"column":76}},"36":{"start":{"line":162,"column":12},"end":{"line":162,"column":86}},"37":{"start":{"line":166,"column":12},"end":{"line":166,"column":6989}},"38":{"start":{"line":168,"column":16},"end":{"line":168,"column":32}},"39":{"start":{"line":171,"column":16},"end":{"line":171,"column":7158}},"40":{"start":{"line":172,"column":20},"end":{"line":172,"column":40}},"41":{"start":{"line":176,"column":16},"end":{"line":176,"column":31}},"42":{"start":{"line":178,"column":16},"end":{"line":178,"column":32}},"43":{"start":{"line":180,"column":15},"end":{"line":180,"column":7437}},"44":{"start":{"line":181,"column":12},"end":{"line":181,"column":119}},"45":{"start":{"line":182,"column":12},"end":{"line":182,"column":92}},"46":{"start":{"line":184,"column":12},"end":{"line":184,"column":33}},"47":{"start":{"line":186,"column":12},"end":{"line":186,"column":7818}},"48":{"start":{"line":187,"column":16},"end":{"line":187,"column":123}},"49":{"start":{"line":188,"column":16},"end":{"line":188,"column":93}},"50":{"start":{"line":190,"column":16},"end":{"line":190,"column":37}},"51":{"start":{"line":196,"column":8},"end":{"line":196,"column":44}},"52":{"start":{"line":200,"column":8},"end":{"line":200,"column":51}},"53":{"start":{"line":204,"column":8},"end":{"line":204,"column":102}},"54":{"start":{"line":207,"column":8},"end":{"line":207,"column":106}},"55":{"start":{"line":210,"column":8},"end":{"line":210,"column":77}},"56":{"start":{"line":211,"column":8},"end":{"line":211,"column":65}},"57":{"start":{"line":214,"column":8},"end":{"line":214,"column":53}},"58":{"start":{"line":218,"column":8},"end":{"line":218,"column":26}},"59":{"start":{"line":222,"column":8},"end":{"line":222,"column":68}},"60":{"start":{"line":223,"column":8},"end":{"line":223,"column":80}},"61":{"start":{"line":224,"column":8},"end":{"line":224,"column":126}},"62":{"start":{"line":226,"column":8},"end":{"line":226,"column":42}},"63":{"start":{"line":228,"column":8},"end":{"line":228,"column":27}},"64":{"start":{"line":229,"column":8},"end":{"line":229,"column":33}},"65":{"start":{"line":230,"column":8},"end":{"line":230,"column":34}},"66":{"start":{"line":232,"column":8},"end":{"line":232,"column":55}},"67":{"start":{"line":234,"column":8},"end":{"line":234,"column":84}},"68":{"start":{"line":235,"column":8},"end":{"line":235,"column":66}},"69":{"start":{"line":239,"column":8},"end":{"line":239,"column":68}},"70":{"start":{"line":240,"column":8},"end":{"line":240,"column":43}},"71":{"start":{"line":244,"column":8},"end":{"line":244,"column":28}},"72":{"start":{"line":248,"column":8},"end":{"line":248,"column":28}},"73":{"start":{"line":252,"column":8},"end":{"line":252,"column":46}},"74":{"start":{"line":256,"column":8},"end":{"line":256,"column":49}},"75":{"start":{"line":265,"column":8},"end":{"line":265,"column":17}},"76":{"start":{"line":271,"column":8},"end":{"line":271,"column":16}},"77":{"start":{"line":277,"column":8},"end":{"line":277,"column":16}},"78":{"start":{"line":296,"column":8},"end":{"line":296,"column":68}},"79":{"start":{"line":298,"column":8},"end":{"line":298,"column":80}},"80":{"start":{"line":299,"column":8},"end":{"line":299,"column":76}},"81":{"start":{"line":302,"column":8},"end":{"line":302,"column":27}},"82":{"start":{"line":303,"column":8},"end":{"line":303,"column":33}},"83":{"start":{"line":304,"column":8},"end":{"line":304,"column":34}},"84":{"start":{"line":306,"column":8},"end":{"line":306,"column":53}},"85":{"start":{"line":309,"column":8},"end":{"line":309,"column":39}},"86":{"start":{"line":315,"column":8},"end":{"line":315,"column":61}},"87":{"start":{"line":320,"column":8},"end":{"line":320,"column":28}},"88":{"start":{"line":324,"column":8},"end":{"line":324,"column":50}},"89":{"start":{"line":328,"column":8},"end":{"line":328,"column":54}},"90":{"start":{"line":329,"column":8},"end":{"line":329,"column":60}},"91":{"start":{"line":330,"column":8},"end":{"line":330,"column":58}},"92":{"start":{"line":331,"column":8},"end":{"line":331,"column":42}},"93":{"start":{"line":332,"column":8},"end":{"line":332,"column":48}},"94":{"start":{"line":336,"column":8},"end":{"line":336,"column":41}},"95":{"start":{"line":337,"column":8},"end":{"line":337,"column":45}},"96":{"start":{"line":341,"column":8},"end":{"line":341,"column":29}},"97":{"start":{"line":345,"column":8},"end":{"line":345,"column":44}},"98":{"start":{"line":351,"column":8},"end":{"line":351,"column":72}},"99":{"start":{"line":354,"column":8},"end":{"line":354,"column":14416}},"100":{"start":{"line":355,"column":12},"end":{"line":355,"column":64}},"101":{"start":{"line":356,"column":12},"end":{"line":356,"column":111}},"102":{"start":{"line":357,"column":12},"end":{"line":357,"column":21}},"103":{"start":{"line":362,"column":8},"end":{"line":362,"column":14783}},"104":{"start":{"line":363,"column":12},"end":{"line":363,"column":43}},"105":{"start":{"line":365,"column":12},"end":{"line":365,"column":84}},"106":{"start":{"line":376,"column":8},"end":{"line":376,"column":103}},"107":{"start":{"line":377,"column":8},"end":{"line":377,"column":29}},"108":{"start":{"line":378,"column":8},"end":{"line":378,"column":15400}},"109":{"start":{"line":379,"column":12},"end":{"line":379,"column":110}},"110":{"start":{"line":380,"column":12},"end":{"line":380,"column":43}},"111":{"start":{"line":383,"column":8},"end":{"line":383,"column":103}},"112":{"start":{"line":384,"column":8},"end":{"line":384,"column":41}},"113":{"start":{"line":388,"column":8},"end":{"line":388,"column":85}},"114":{"start":{"line":391,"column":8},"end":{"line":391,"column":135}},"115":{"start":{"line":393,"column":8},"end":{"line":393,"column":54}}},"branchMap":{"1":{"line":78,"type":"if","locations":[{"start":{"line":78,"column":8},"end":{"line":78,"column":8}},{"start":{"line":78,"column":8},"end":{"line":78,"column":8}}]},"2":{"line":85,"type":"if","locations":[{"start":{"line":85,"column":8},"end":{"line":85,"column":8}},{"start":{"line":85,"column":8},"end":{"line":85,"column":8}}]},"3":{"line":114,"type":"if","locations":[{"start":{"line":114,"column":8},"end":{"line":114,"column":8}},{"start":{"line":114,"column":8},"end":{"line":114,"column":8}}]},"4":{"line":122,"type":"if","locations":[{"start":{"line":122,"column":8},"end":{"line":122,"column":8}},{"start":{"line":122,"column":8},"end":{"line":122,"column":8}}]},"5":{"line":127,"type":"if","locations":[{"start":{"line":127,"column":8},"end":{"line":127,"column":8}},{"start":{"line":127,"column":8},"end":{"line":127,"column":8}}]},"6":{"line":133,"type":"if","locations":[{"start":{"line":133,"column":8},"end":{"line":133,"column":8}},{"start":{"line":133,"column":8},"end":{"line":133,"column":8}}]},"7":{"line":135,"type":"if","locations":[{"start":{"line":135,"column":12},"end":{"line":135,"column":12}},{"start":{"line":135,"column":12},"end":{"line":135,"column":12}}]},"8":{"line":141,"type":"if","locations":[{"start":{"line":141,"column":8},"end":{"line":141,"column":8}},{"start":{"line":141,"column":8},"end":{"line":141,"column":8}}]},"9":{"line":143,"type":"if","locations":[{"start":{"line":143,"column":12},"end":{"line":143,"column":12}},{"start":{"line":143,"column":12},"end":{"line":143,"column":12}}]},"10":{"line":157,"type":"if","locations":[{"start":{"line":157,"column":8},"end":{"line":157,"column":8}},{"start":{"line":157,"column":8},"end":{"line":157,"column":8}}]},"11":{"line":160,"type":"if","locations":[{"start":{"line":160,"column":8},"end":{"line":160,"column":8}},{"start":{"line":160,"column":8},"end":{"line":160,"column":8}}]},"12":{"line":166,"type":"if","locations":[{"start":{"line":166,"column":12},"end":{"line":166,"column":12}},{"start":{"line":166,"column":12},"end":{"line":166,"column":12}}]},"13":{"line":180,"type":"if","locations":[{"start":{"line":180,"column":15},"end":{"line":180,"column":15}},{"start":{"line":180,"column":15},"end":{"line":180,"column":15}}]},"14":{"line":223,"type":"if","locations":[{"start":{"line":223,"column":8},"end":{"line":223,"column":8}},{"start":{"line":223,"column":8},"end":{"line":223,"column":8}}]},"15":{"line":224,"type":"if","locations":[{"start":{"line":224,"column":8},"end":{"line":224,"column":8}},{"start":{"line":224,"column":8},"end":{"line":224,"column":8}}]},"16":{"line":298,"type":"if","locations":[{"start":{"line":298,"column":8},"end":{"line":298,"column":8}},{"start":{"line":298,"column":8},"end":{"line":298,"column":8}}]},"17":{"line":299,"type":"if","locations":[{"start":{"line":299,"column":8},"end":{"line":299,"column":8}},{"start":{"line":299,"column":8},"end":{"line":299,"column":8}}]},"18":{"line":362,"type":"if","locations":[{"start":{"line":362,"column":8},"end":{"line":362,"column":8}},{"start":{"line":362,"column":8},"end":{"line":362,"column":8}}]},"19":{"line":378,"type":"if","locations":[{"start":{"line":378,"column":8},"end":{"line":378,"column":8}},{"start":{"line":378,"column":8},"end":{"line":378,"column":8}}]},"20":{"line":379,"type":"if","locations":[{"start":{"line":379,"column":12},"end":{"line":379,"column":12}},{"start":{"line":379,"column":12},"end":{"line":379,"column":12}}]}}},"contracts/token/onft/IONFT721.sol":{"l":{},"path":"/workspace/LZGenBukowski/contracts/token/onft/IONFT721.sol","s":{},"b":{},"f":{},"fnMap":{},"statementMap":{},"branchMap":{}},"contracts/token/onft/IONFT721Core.sol":{"l":{},"path":"/workspace/LZGenBukowski/contracts/token/onft/IONFT721Core.sol","s":{},"b":{},"f":{},"fnMap":{},"statementMap":{},"branchMap":{}},"contracts/token/onft/ONFT721.sol":{"l":{"15":0,"19":12,"20":7,"21":7,"25":7,"26":7,"27":5,"29":2},"path":"/workspace/LZGenBukowski/contracts/token/onft/ONFT721.sol","s":{"1":0,"2":12,"3":7,"4":7,"5":7,"6":7,"7":5,"8":2},"b":{"1":[7,5],"2":[7,0],"3":[7,0],"4":[5,2]},"f":{"1":108,"2":0,"3":12,"4":7},"fnMap":{"1":{"name":"constructor","line":12,"loc":{"start":{"line":12,"column":4},"end":{"line":12,"column":130}}},"2":{"name":"supportsInterface","line":14,"loc":{"start":{"line":14,"column":4},"end":{"line":16,"column":4}}},"3":{"name":"_debitFrom","line":18,"loc":{"start":{"line":18,"column":4},"end":{"line":22,"column":4}}},"4":{"name":"_creditTo","line":24,"loc":{"start":{"line":24,"column":4},"end":{"line":31,"column":4}}}},"statementMap":{"1":{"start":{"line":15,"column":8},"end":{"line":15,"column":96}},"2":{"start":{"line":19,"column":8},"end":{"line":19,"column":108}},"3":{"start":{"line":20,"column":8},"end":{"line":20,"column":87}},"4":{"start":{"line":21,"column":8},"end":{"line":21,"column":48}},"5":{"start":{"line":25,"column":8},"end":{"line":25,"column":102}},"6":{"start":{"line":26,"column":8},"end":{"line":26,"column":1281}},"7":{"start":{"line":27,"column":12},"end":{"line":27,"column":42}},"8":{"start":{"line":29,"column":12},"end":{"line":29,"column":57}}},"branchMap":{"1":{"line":19,"type":"if","locations":[{"start":{"line":19,"column":8},"end":{"line":19,"column":8}},{"start":{"line":19,"column":8},"end":{"line":19,"column":8}}]},"2":{"line":20,"type":"if","locations":[{"start":{"line":20,"column":8},"end":{"line":20,"column":8}},{"start":{"line":20,"column":8},"end":{"line":20,"column":8}}]},"3":{"line":25,"type":"if","locations":[{"start":{"line":25,"column":8},"end":{"line":25,"column":8}},{"start":{"line":25,"column":8},"end":{"line":25,"column":8}}]},"4":{"line":26,"type":"if","locations":[{"start":{"line":26,"column":8},"end":{"line":26,"column":8}},{"start":{"line":26,"column":8},"end":{"line":26,"column":8}}]}}},"contracts/token/onft/ONFT721Core.sol":{"l":{"19":0,"24":7,"25":7,"29":12,"33":12,"35":7,"37":7,"38":0,"40":7,"42":7,"44":7,"53":7,"54":7,"55":7,"59":7,"61":7,"65":0,"66":0},"path":"/workspace/LZGenBukowski/contracts/token/onft/ONFT721Core.sol","s":{"1":0,"2":7,"3":7,"4":12,"5":12,"6":7,"7":7,"8":0,"9":7,"10":7,"11":7,"12":7,"13":7,"14":7,"15":7,"16":0,"17":0},"b":{"1":[0,7],"2":[7,0]},"f":{"1":108,"2":0,"3":7,"4":12,"5":12,"6":7,"7":0},"fnMap":{"1":{"name":"constructor","line":16,"loc":{"start":{"line":16,"column":4},"end":{"line":16,"column":68}}},"2":{"name":"supportsInterface","line":18,"loc":{"start":{"line":18,"column":4},"end":{"line":20,"column":4}}},"3":{"name":"estimateSendFee","line":22,"loc":{"start":{"line":22,"column":4},"end":{"line":26,"column":4}}},"4":{"name":"sendFrom","line":28,"loc":{"start":{"line":28,"column":4},"end":{"line":30,"column":4}}},"5":{"name":"_send","line":32,"loc":{"start":{"line":32,"column":4},"end":{"line":45,"column":4}}},"6":{"name":"_nonblockingLzReceive","line":47,"loc":{"start":{"line":47,"column":4},"end":{"line":62,"column":4}}},"7":{"name":"setUseCustomAdapterParams","line":64,"loc":{"start":{"line":64,"column":4},"end":{"line":67,"column":4}}}},"statementMap":{"1":{"start":{"line":19,"column":8},"end":{"line":19,"column":100}},"2":{"start":{"line":24,"column":8},"end":{"line":24,"column":63}},"3":{"start":{"line":25,"column":8},"end":{"line":25,"column":100}},"4":{"start":{"line":29,"column":8},"end":{"line":29,"column":106}},"5":{"start":{"line":33,"column":8},"end":{"line":33,"column":59}},"6":{"start":{"line":35,"column":8},"end":{"line":35,"column":63}},"7":{"start":{"line":37,"column":8},"end":{"line":37,"column":1865}},"8":{"start":{"line":38,"column":12},"end":{"line":38,"column":88}},"9":{"start":{"line":40,"column":12},"end":{"line":40,"column":86}},"10":{"start":{"line":42,"column":8},"end":{"line":42,"column":99}},"11":{"start":{"line":44,"column":8},"end":{"line":44,"column":66}},"12":{"start":{"line":53,"column":8},"end":{"line":53,"column":89}},"13":{"start":{"line":54,"column":8},"end":{"line":54,"column":25}},"14":{"start":{"line":59,"column":8},"end":{"line":59,"column":49}},"15":{"start":{"line":61,"column":8},"end":{"line":61,"column":75}},"16":{"start":{"line":65,"column":8},"end":{"line":65,"column":55}},"17":{"start":{"line":66,"column":8},"end":{"line":66,"column":63}}},"branchMap":{"1":{"line":37,"type":"if","locations":[{"start":{"line":37,"column":8},"end":{"line":37,"column":8}},{"start":{"line":37,"column":8},"end":{"line":37,"column":8}}]},"2":{"line":40,"type":"if","locations":[{"start":{"line":40,"column":12},"end":{"line":40,"column":12}},{"start":{"line":40,"column":12},"end":{"line":40,"column":12}}]}}},"contracts/util/BytesLib.sol":{"l":{"21":0,"23":0,"88":0,"92":0,"237":0,"238":0,"240":0,"242":0,"294":0,"298":0,"299":0,"301":0,"305":0,"309":0,"310":0,"312":0,"316":0,"320":0,"321":0,"323":0,"327":0,"331":0,"332":0,"334":0,"338":0,"342":0,"343":0,"345":0,"349":0,"353":0,"354":0,"356":0,"360":0,"364":0,"365":0,"367":0,"371":0,"375":0,"376":0,"378":0,"382":0,"386":0,"387":0,"389":0,"393":0,"397":0,"399":0,"436":0,"447":0,"449":0,"508":0},"path":"/workspace/LZGenBukowski/contracts/util/BytesLib.sol","s":{"1":0,"2":0,"3":0,"4":0,"5":0,"6":0,"7":0,"8":0,"9":0,"10":0,"11":0,"12":0,"13":0,"14":0,"15":0,"16":0,"17":0,"18":0,"19":0,"20":0,"21":0,"22":0,"23":0,"24":0,"25":0,"26":0,"27":0,"28":0,"29":0,"30":0,"31":0,"32":0,"33":0,"34":0,"35":0,"36":0,"37":0},"b":{"1":[0,0],"2":[0,0],"3":[0,0],"4":[0,0],"5":[0,0],"6":[0,0],"7":[0,0],"8":[0,0],"9":[0,0],"10":[0,0],"11":[0,0]},"f":{"1":0,"2":0,"3":0,"4":0,"5":0,"6":0,"7":0,"8":0,"9":0,"10":0,"11":0,"12":0,"13":0,"14":0},"fnMap":{"1":{"name":"concat","line":13,"loc":{"start":{"line":13,"column":4},"end":{"line":89,"column":4}}},"2":{"name":"concatStorage","line":91,"loc":{"start":{"line":91,"column":4},"end":{"line":226,"column":4}}},"3":{"name":"slice","line":228,"loc":{"start":{"line":228,"column":4},"end":{"line":295,"column":4}}},"4":{"name":"toAddress","line":297,"loc":{"start":{"line":297,"column":4},"end":{"line":306,"column":4}}},"5":{"name":"toUint8","line":308,"loc":{"start":{"line":308,"column":4},"end":{"line":317,"column":4}}},"6":{"name":"toUint16","line":319,"loc":{"start":{"line":319,"column":4},"end":{"line":328,"column":4}}},"7":{"name":"toUint32","line":330,"loc":{"start":{"line":330,"column":4},"end":{"line":339,"column":4}}},"8":{"name":"toUint64","line":341,"loc":{"start":{"line":341,"column":4},"end":{"line":350,"column":4}}},"9":{"name":"toUint96","line":352,"loc":{"start":{"line":352,"column":4},"end":{"line":361,"column":4}}},"10":{"name":"toUint128","line":363,"loc":{"start":{"line":363,"column":4},"end":{"line":372,"column":4}}},"11":{"name":"toUint256","line":374,"loc":{"start":{"line":374,"column":4},"end":{"line":383,"column":4}}},"12":{"name":"toBytes32","line":385,"loc":{"start":{"line":385,"column":4},"end":{"line":394,"column":4}}},"13":{"name":"equal","line":396,"loc":{"start":{"line":396,"column":4},"end":{"line":437,"column":4}}},"14":{"name":"equalStorage","line":439,"loc":{"start":{"line":439,"column":4},"end":{"line":509,"column":4}}}},"statementMap":{"1":{"start":{"line":21,"column":8},"end":{"line":21,"column":30}},"2":{"start":{"line":88,"column":8},"end":{"line":88,"column":24}},"3":{"start":{"line":237,"column":8},"end":{"line":237,"column":57}},"4":{"start":{"line":238,"column":8},"end":{"line":238,"column":70}},"5":{"start":{"line":240,"column":8},"end":{"line":240,"column":30}},"6":{"start":{"line":294,"column":8},"end":{"line":294,"column":24}},"7":{"start":{"line":298,"column":8},"end":{"line":298,"column":69}},"8":{"start":{"line":299,"column":8},"end":{"line":299,"column":27}},"9":{"start":{"line":305,"column":8},"end":{"line":305,"column":26}},"10":{"start":{"line":309,"column":8},"end":{"line":309,"column":67}},"11":{"start":{"line":310,"column":8},"end":{"line":310,"column":22}},"12":{"start":{"line":316,"column":8},"end":{"line":316,"column":23}},"13":{"start":{"line":320,"column":8},"end":{"line":320,"column":67}},"14":{"start":{"line":321,"column":8},"end":{"line":321,"column":23}},"15":{"start":{"line":327,"column":8},"end":{"line":327,"column":23}},"16":{"start":{"line":331,"column":8},"end":{"line":331,"column":67}},"17":{"start":{"line":332,"column":8},"end":{"line":332,"column":23}},"18":{"start":{"line":338,"column":8},"end":{"line":338,"column":23}},"19":{"start":{"line":342,"column":8},"end":{"line":342,"column":67}},"20":{"start":{"line":343,"column":8},"end":{"line":343,"column":23}},"21":{"start":{"line":349,"column":8},"end":{"line":349,"column":23}},"22":{"start":{"line":353,"column":8},"end":{"line":353,"column":68}},"23":{"start":{"line":354,"column":8},"end":{"line":354,"column":23}},"24":{"start":{"line":360,"column":8},"end":{"line":360,"column":23}},"25":{"start":{"line":364,"column":8},"end":{"line":364,"column":69}},"26":{"start":{"line":365,"column":8},"end":{"line":365,"column":24}},"27":{"start":{"line":371,"column":8},"end":{"line":371,"column":23}},"28":{"start":{"line":375,"column":8},"end":{"line":375,"column":69}},"29":{"start":{"line":376,"column":8},"end":{"line":376,"column":24}},"30":{"start":{"line":382,"column":8},"end":{"line":382,"column":23}},"31":{"start":{"line":386,"column":8},"end":{"line":386,"column":69}},"32":{"start":{"line":387,"column":8},"end":{"line":387,"column":27}},"33":{"start":{"line":393,"column":8},"end":{"line":393,"column":26}},"34":{"start":{"line":397,"column":8},"end":{"line":397,"column":27}},"35":{"start":{"line":436,"column":8},"end":{"line":436,"column":22}},"36":{"start":{"line":447,"column":8},"end":{"line":447,"column":27}},"37":{"start":{"line":508,"column":8},"end":{"line":508,"column":22}}},"branchMap":{"1":{"line":237,"type":"if","locations":[{"start":{"line":237,"column":8},"end":{"line":237,"column":8}},{"start":{"line":237,"column":8},"end":{"line":237,"column":8}}]},"2":{"line":238,"type":"if","locations":[{"start":{"line":238,"column":8},"end":{"line":238,"column":8}},{"start":{"line":238,"column":8},"end":{"line":238,"column":8}}]},"3":{"line":298,"type":"if","locations":[{"start":{"line":298,"column":8},"end":{"line":298,"column":8}},{"start":{"line":298,"column":8},"end":{"line":298,"column":8}}]},"4":{"line":309,"type":"if","locations":[{"start":{"line":309,"column":8},"end":{"line":309,"column":8}},{"start":{"line":309,"column":8},"end":{"line":309,"column":8}}]},"5":{"line":320,"type":"if","locations":[{"start":{"line":320,"column":8},"end":{"line":320,"column":8}},{"start":{"line":320,"column":8},"end":{"line":320,"column":8}}]},"6":{"line":331,"type":"if","locations":[{"start":{"line":331,"column":8},"end":{"line":331,"column":8}},{"start":{"line":331,"column":8},"end":{"line":331,"column":8}}]},"7":{"line":342,"type":"if","locations":[{"start":{"line":342,"column":8},"end":{"line":342,"column":8}},{"start":{"line":342,"column":8},"end":{"line":342,"column":8}}]},"8":{"line":353,"type":"if","locations":[{"start":{"line":353,"column":8},"end":{"line":353,"column":8}},{"start":{"line":353,"column":8},"end":{"line":353,"column":8}}]},"9":{"line":364,"type":"if","locations":[{"start":{"line":364,"column":8},"end":{"line":364,"column":8}},{"start":{"line":364,"column":8},"end":{"line":364,"column":8}}]},"10":{"line":375,"type":"if","locations":[{"start":{"line":375,"column":8},"end":{"line":375,"column":8}},{"start":{"line":375,"column":8},"end":{"line":375,"column":8}}]},"11":{"line":386,"type":"if","locations":[{"start":{"line":386,"column":8},"end":{"line":386,"column":8}},{"start":{"line":386,"column":8},"end":{"line":386,"column":8}}]}}},"contracts/util/ExcessivelySafeCall.sol":{"l":{"30":7,"31":7,"32":7,"37":7,"57":7,"82":0,"83":0,"84":0,"89":0,"108":0,"124":0,"125":0,"126":0},"path":"/workspace/LZGenBukowski/contracts/util/ExcessivelySafeCall.sol","s":{"1":7,"2":7,"3":7,"4":7,"5":0,"6":0,"7":0,"8":0,"9":0,"10":0},"b":{"1":[0,0]},"f":{"1":7,"2":0,"3":0},"fnMap":{"1":{"name":"excessivelySafeCall","line":23,"loc":{"start":{"line":23,"column":4},"end":{"line":58,"column":4}}},"2":{"name":"excessivelySafeStaticCall","line":75,"loc":{"start":{"line":75,"column":4},"end":{"line":109,"column":4}}},"3":{"name":"swapSelector","line":120,"loc":{"start":{"line":120,"column":4},"end":{"line":135,"column":4}}}},"statementMap":{"1":{"start":{"line":30,"column":8},"end":{"line":30,"column":23}},"2":{"start":{"line":31,"column":8},"end":{"line":31,"column":21}},"3":{"start":{"line":32,"column":8},"end":{"line":32,"column":54}},"4":{"start":{"line":57,"column":8},"end":{"line":57,"column":38}},"5":{"start":{"line":82,"column":8},"end":{"line":82,"column":23}},"6":{"start":{"line":83,"column":8},"end":{"line":83,"column":21}},"7":{"start":{"line":84,"column":8},"end":{"line":84,"column":54}},"8":{"start":{"line":108,"column":8},"end":{"line":108,"column":38}},"9":{"start":{"line":124,"column":8},"end":{"line":124,"column":32}},"10":{"start":{"line":125,"column":8},"end":{"line":125,"column":35}}},"branchMap":{"1":{"line":124,"type":"if","locations":[{"start":{"line":124,"column":8},"end":{"line":124,"column":8}},{"start":{"line":124,"column":8},"end":{"line":124,"column":8}}]}}}}